<?xml version="1.0" encoding="UTF-8"?>
<!-- Generated by org.testng.reporters.JUnitReportReporter -->
<testsuite hostname="DESKTOP-22I95D2" failures="0" tests="1" name="org.test.insureme.AppTest" time="0.000" errors="0" timestamp="25 Nov 2023 13:48:32 GMT">
  <testcase classname="org.test.insureme.AppTest" name="shouldAnswerWithTrue" time="0.000"/>
</testsuite> <!-- org.test.insureme.AppTest -->
